<?xml version="1.0" encoding="UTF-8"?>
<!-- Generated by org.testng.reporters.JUnitReportReporter -->
<testsuite hostname="DESKTOP-0TEPTJ6" failures="0" tests="1" name="com.idzlink.testCases.POS.TC_PointofSales_T001" time="91.479" errors="0" timestamp="2024-10-15T12:43:54 IST" skipped="0">
  <testcase classname="com.idzlink.testCases.POS.TC_PointofSales_T001" name="posnewmode" time="91.479"/>
  <system-out/>
</testsuite> <!-- com.idzlink.testCases.POS.TC_PointofSales_T001 -->
