<?xml version="1.0" encoding="UTF-8"?>
<!-- Generated by org.testng.reporters.JUnitReportReporter -->
<testsuite hostname="DESKTOP-0TEPTJ6" failures="0" tests="1" name="com.idzlink.testCases.TC_SupplierEdit_T006" time="22.810" errors="0" timestamp="2024-08-26T13:12:19 IST" skipped="0">
  <testcase classname="com.idzlink.testCases.TC_SupplierEdit_T006" name="addnewsupplier" time="22.810"/>
  <system-out/>
</testsuite> <!-- com.idzlink.testCases.TC_SupplierEdit_T006 -->
