<?xml version="1.0" encoding="UTF-8"?>
<!-- Generated by org.testng.reporters.JUnitReportReporter -->
<testsuite hostname="DESKTOP-0TEPTJ6" failures="0" tests="1" name="com.idzlink.testCases.POS.TC_PointofSalesDelete" time="38.403" errors="0" timestamp="2024-08-26T16:33:53 IST" skipped="0">
  <testcase classname="com.idzlink.testCases.POS.TC_PointofSalesDelete" name="posdeletemode" time="38.403"/>
  <system-out/>
</testsuite> <!-- com.idzlink.testCases.POS.TC_PointofSalesDelete -->
