<?xml version="1.0" encoding="UTF-8"?>
<!-- Generated by org.testng.reporters.JUnitReportReporter -->
<testsuite hostname="DESKTOP-SB59V59" failures="0" tests="1" name="com.idzlink.testCases.POS.TC_creditcustomer_selectionandpos" time="44.903" errors="0" timestamp="2024-10-28T14:22:04 IST" skipped="0">
  <testcase classname="com.idzlink.testCases.POS.TC_creditcustomer_selectionandpos" name="creditcustomer_selectionandpos" time="44.903"/>
  <system-out/>
</testsuite> <!-- com.idzlink.testCases.POS.TC_creditcustomer_selectionandpos -->
