<?xml version="1.0" encoding="UTF-8"?>
<!-- Generated by org.testng.reporters.JUnitReportReporter -->
<testsuite hostname="DESKTOP-0TEPTJ6" failures="0" tests="2" name="com.idzlink.testCases.TC_LoginDDT_002" time="32.845" errors="0" timestamp="2024-08-26T12:56:56 IST" skipped="0">
  <testcase classname="com.idzlink.testCases.TC_LoginDDT_002" name="loginDDT" time="20.611"/>
  <system-out/>
  <testcase classname="com.idzlink.testCases.TC_LoginDDT_002" name="loginDDT" time="12.234"/>
  <system-out/>
</testsuite> <!-- com.idzlink.testCases.TC_LoginDDT_002 -->
