<?xml version="1.0" encoding="UTF-8"?>
<!-- Generated by org.testng.reporters.JUnitReportReporter -->
<testsuite hostname="DESKTOP-0TEPTJ6" failures="0" tests="3" name="com.idzlink.testCases.TC_CustomsDDT_T007" time="2.757" errors="0" timestamp="2024-08-13T16:54:22 IST" skipped="0">
  <testcase classname="com.idzlink.testCases.TC_CustomsDDT_T007" name="customsDDT" time="0.867"/>
  <system-out/>
  <testcase classname="com.idzlink.testCases.TC_CustomsDDT_T007" name="customsDDT" time="0.945"/>
  <system-out/>
  <testcase classname="com.idzlink.testCases.TC_CustomsDDT_T007" name="customsDDT" time="0.945"/>
  <system-out/>
</testsuite> <!-- com.idzlink.testCases.TC_CustomsDDT_T007 -->
