<?xml version="1.0" encoding="UTF-8"?>
<!-- Generated by org.testng.reporters.JUnitReportReporter -->
<testsuite hostname="DESKTOP-SB59V59" failures="0" tests="1" name="com.idzlink.testCases.salesquatation.TC_SalesquatationShortcutsave" time="35.132" errors="0" timestamp="2024-10-11T14:32:47 IST" skipped="0">
  <testcase classname="com.idzlink.testCases.salesquatation.TC_SalesquatationShortcutsave" name="SalesquatationShortcutsave" time="35.132"/>
  <system-out/>
</testsuite> <!-- com.idzlink.testCases.salesquatation.TC_SalesquatationShortcutsave -->
