<?xml version="1.0" encoding="UTF-8"?>
<!-- Generated by org.testng.reporters.JUnitReportReporter -->
<testsuite hostname="DESKTOP-0TEPTJ6" failures="0" tests="1" name="com.idzlink.testCases.TC_SupplierNew_T005" time="19.737" errors="0" timestamp="2024-08-26T12:56:56 IST" skipped="0">
  <testcase classname="com.idzlink.testCases.TC_SupplierNew_T005" name="addnewsupplier" time="19.737"/>
  <system-out/>
</testsuite> <!-- com.idzlink.testCases.TC_SupplierNew_T005 -->
