<?xml version="1.0" encoding="UTF-8"?>
<!-- Generated by org.testng.reporters.JUnitReportReporter -->
<testsuite hostname="DESKTOP-95B0UOS" failures="0" tests="3" name="com.banking.testCases.TC_CustomsDDT_T007" time="16.476" errors="0" timestamp="2023-10-13T21:11:05 IST" skipped="0">
  <testcase classname="com.banking.testCases.TC_CustomsDDT_T007" name="customsDDT" time="5.492"/>
  <system-out/>
  <testcase classname="com.banking.testCases.TC_CustomsDDT_T007" name="customsDDT" time="5.524"/>
  <system-out/>
  <testcase classname="com.banking.testCases.TC_CustomsDDT_T007" name="customsDDT" time="5.460"/>
  <system-out/>
</testsuite> <!-- com.banking.testCases.TC_CustomsDDT_T007 -->
