<?xml version="1.0" encoding="UTF-8"?>
<!-- Generated by org.testng.reporters.JUnitReportReporter -->
<testsuite hostname="DESKTOP-SB59V59" failures="0" tests="1" name="com.idzlink.testCases.POS.TC_customer_creationinpos" time="56.710" errors="0" timestamp="2024-10-16T12:00:34 IST" skipped="0">
  <testcase classname="com.idzlink.testCases.POS.TC_customer_creationinpos" name="customer_creationinpos" time="56.710"/>
  <system-out/>
</testsuite> <!-- com.idzlink.testCases.POS.TC_customer_creationinpos -->
