<?xml version="1.0" encoding="UTF-8"?>
<!-- Generated by org.testng.reporters.JUnitReportReporter -->
<testsuite hostname="DESKTOP-VBCQ044" failures="0" tests="1" name="com.idzlink.testCases.POS.TC_Cash_Customer_Selection_Details_Verification_POS" time="77.881" errors="0" timestamp="2024-09-10T13:45:23 IST" skipped="0">
  <testcase classname="com.idzlink.testCases.POS.TC_Cash_Customer_Selection_Details_Verification_POS" name="Cash_Customer_Selection_Details_Verification" time="77.881"/>
  <system-out/>
</testsuite> <!-- com.idzlink.testCases.POS.TC_Cash_Customer_Selection_Details_Verification_POS -->
