<?xml version="1.0" encoding="UTF-8"?>
<!-- Generated by org.testng.reporters.JUnitReportReporter -->
<testsuite hostname="DESKTOP-95B0UOS" failures="0" tests="3" name="com.idzlink.testCases.TC_CustomsDDT_T007" time="2.289" errors="0" timestamp="2024-07-12T12:03:08 IST" skipped="0">
  <testcase classname="com.idzlink.testCases.TC_CustomsDDT_T007" name="customsDDT" time="0.798"/>
  <system-out/>
  <testcase classname="com.idzlink.testCases.TC_CustomsDDT_T007" name="customsDDT" time="0.745"/>
  <system-out/>
  <testcase classname="com.idzlink.testCases.TC_CustomsDDT_T007" name="customsDDT" time="0.746"/>
  <system-out/>
</testsuite> <!-- com.idzlink.testCases.TC_CustomsDDT_T007 -->
