<?xml version="1.0" encoding="UTF-8"?>
<!-- Generated by org.testng.reporters.JUnitReportReporter -->
<testsuite hostname="DESKTOP-0TEPTJ6" failures="0" tests="1" name="com.idzlink.testCases.TC_UnitNew_T010" time="16.147" errors="0" timestamp="2024-08-13T16:47:48 IST" skipped="0">
  <testcase classname="com.idzlink.testCases.TC_UnitNew_T010" name="addnewunit" time="16.147"/>
  <system-out/>
</testsuite> <!-- com.idzlink.testCases.TC_UnitNew_T010 -->
