<?xml version="1.0" encoding="UTF-8"?>
<!-- Generated by org.testng.reporters.JUnitReportReporter -->
<testsuite hostname="DESKTOP-0TEPTJ6" failures="0" tests="1" name="com.idzlink.testCases.POS.TC_PointofSalesKeybordShotcutCash" time="36.385" errors="0" timestamp="2024-08-13T11:40:50 IST" skipped="0">
  <testcase classname="com.idzlink.testCases.POS.TC_PointofSalesKeybordShotcutCash" name="poskeyboardshotcutcash" time="36.385"/>
  <system-out/>
</testsuite> <!-- com.idzlink.testCases.POS.TC_PointofSalesKeybordShotcutCash -->
