<?xml version="1.0" encoding="UTF-8"?>
<!-- Generated by org.testng.reporters.JUnitReportReporter -->
<testsuite hostname="DESKTOP-0TEPTJ6" failures="0" tests="1" name="com.idzlink.testCases.POS.TC_PointofSales_UnitPriceandTaxCalculation" time="51.100" errors="0" timestamp="2024-08-27T10:59:06 IST" skipped="0">
  <testcase classname="com.idzlink.testCases.POS.TC_PointofSales_UnitPriceandTaxCalculation" name="posUnitPriceandTaxCalculation" time="51.100"/>
  <system-out/>
</testsuite> <!-- com.idzlink.testCases.POS.TC_PointofSales_UnitPriceandTaxCalculation -->
