<?xml version="1.0" encoding="UTF-8"?>
<!-- Generated by org.testng.reporters.JUnitReportReporter -->
<testsuite hostname="DESKTOP-0TEPTJ6" failures="0" tests="1" name="com.idzlink.testCases.POS.TC_Cash_Customer_Selection_Details_Verification_POS" time="77.980" errors="0" timestamp="2024-08-27T16:49:31 IST" skipped="0">
  <testcase classname="com.idzlink.testCases.POS.TC_Cash_Customer_Selection_Details_Verification_POS" name="Cash_Customer_Selection_Details_Verification" time="77.980"/>
  <system-out/>
</testsuite> <!-- com.idzlink.testCases.POS.TC_Cash_Customer_Selection_Details_Verification_POS -->
