<?xml version="1.0" encoding="UTF-8"?>
<!-- Generated by org.testng.reporters.JUnitReportReporter -->
<testsuite hostname="DESKTOP-0TEPTJ6" failures="0" tests="1" name="com.idzlink.testCases.TC_CustomerEdit_T004" time="24.994" errors="0" timestamp="2024-08-26T13:57:52 IST" skipped="0">
  <testcase classname="com.idzlink.testCases.TC_CustomerEdit_T004" name="editcustomer" time="24.994"/>
  <system-out/>
</testsuite> <!-- com.idzlink.testCases.TC_CustomerEdit_T004 -->
