<?xml version="1.0" encoding="UTF-8"?>
<!-- Generated by org.testng.reporters.JUnitReportReporter -->
<testsuite hostname="DESKTOP-SB59V59" failures="0" tests="1" name="com.idzlink.testCases.salesquatation.TC_salesquatationConfirmSave" time="34.857" errors="0" timestamp="2024-10-11T14:36:56 IST" skipped="0">
  <testcase classname="com.idzlink.testCases.salesquatation.TC_salesquatationConfirmSave" name="salesquatationConfirmSave" time="34.857"/>
  <system-out/>
</testsuite> <!-- com.idzlink.testCases.salesquatation.TC_salesquatationConfirmSave -->
