<?xml version="1.0" encoding="UTF-8"?>
<!-- Generated by org.testng.reporters.JUnitReportReporter -->
<testsuite hostname="DESKTOP-0TEPTJ6" failures="0" tests="1" name="com.idzlink.testCases.TC_PackingTypeNew" time="21.025" errors="0" timestamp="2024-08-13T17:14:37 IST" skipped="0">
  <testcase classname="com.idzlink.testCases.TC_PackingTypeNew" name="addnewpackkingtye" time="21.025"/>
  <system-out/>
</testsuite> <!-- com.idzlink.testCases.TC_PackingTypeNew -->
