<?xml version="1.0" encoding="UTF-8"?>
<!-- Generated by org.testng.reporters.JUnitReportReporter -->
<testsuite hostname="DESKTOP-95B0UOS" failures="0" tests="1" name="com.idzlink.testCases.TC_CustomerEdit_T004" time="21.016" errors="0" timestamp="2024-07-12T11:04:11 IST" skipped="0">
  <testcase classname="com.idzlink.testCases.TC_CustomerEdit_T004" name="editcustomer" time="21.016"/>
  <system-out/>
</testsuite> <!-- com.idzlink.testCases.TC_CustomerEdit_T004 -->
