<?xml version="1.0" encoding="UTF-8"?>
<!-- Generated by org.testng.reporters.JUnitReportReporter -->
<testsuite hostname="DESKTOP-0TEPTJ6" failures="0" tests="1" name="com.idzlink.testCases.TC_CustomerNew_T003" time="22.552" errors="0" timestamp="2024-08-26T13:57:01 IST" skipped="0">
  <testcase classname="com.idzlink.testCases.TC_CustomerNew_T003" name="addnewcustomer" time="22.552"/>
  <system-out/>
</testsuite> <!-- com.idzlink.testCases.TC_CustomerNew_T003 -->
