<?xml version="1.0" encoding="UTF-8"?>
<!-- Generated by org.testng.reporters.JUnitReportReporter -->
<testsuite hostname="DESKTOP-0TEPTJ6" failures="0" tests="1" name="com.idzlink.testCases.TC_ItemmasternSave" time="33.792" errors="0" timestamp="2024-08-26T13:47:15 IST" skipped="0">
  <testcase classname="com.idzlink.testCases.TC_ItemmasternSave" name="addnewitem" time="33.792"/>
  <system-out/>
</testsuite> <!-- com.idzlink.testCases.TC_ItemmasternSave -->
