<?xml version="1.0" encoding="UTF-8"?>
<!-- Generated by org.testng.reporters.JUnitReportReporter -->
<testsuite hostname="DESKTOP-SB59V59" failures="0" tests="1" name="com.idzlink.testCases.POS.TC_costpricevalidationhandling_pos" time="32.513" errors="0" timestamp="2024-10-26T12:03:10 IST" skipped="0">
  <testcase classname="com.idzlink.testCases.POS.TC_costpricevalidationhandling_pos" name="costpricevalidationhandling_pos" time="32.513"/>
  <system-out/>
</testsuite> <!-- com.idzlink.testCases.POS.TC_costpricevalidationhandling_pos -->
