<?xml version="1.0" encoding="UTF-8"?>
<!-- Generated by org.testng.reporters.JUnitReportReporter -->
<testsuite hostname="DESKTOP-95B0UOS" failures="0" tests="1" name="com.banking.testCases.TC_SupplierEdit_T006" time="54.936" errors="0" timestamp="2023-10-13T21:11:05 IST" skipped="0">
  <testcase classname="com.banking.testCases.TC_SupplierEdit_T006" name="addnewsupplier" time="54.936"/>
  <system-out/>
</testsuite> <!-- com.banking.testCases.TC_SupplierEdit_T006 -->
