<?xml version="1.0" encoding="UTF-8"?>
<!-- Generated by org.testng.reporters.JUnitReportReporter -->
<testsuite hostname="DESKTOP-0TEPTJ6" failures="0" tests="1" name="com.idzlink.testCases.POS.TC_pointofsaleitemnameserach" time="50.870" errors="0" timestamp="2024-10-15T13:44:35 IST" skipped="0">
  <testcase classname="com.idzlink.testCases.POS.TC_pointofsaleitemnameserach" name="pointofsaleitemnameserach" time="50.870"/>
  <system-out/>
</testsuite> <!-- com.idzlink.testCases.POS.TC_pointofsaleitemnameserach -->
