<?xml version="1.0" encoding="UTF-8"?>
<!-- Generated by org.testng.reporters.JUnitReportReporter -->
<testsuite hostname="DESKTOP-95B0UOS" failures="0" tests="1" name="com.idzlink.testCases.TC_MainCategoryNew_T008" time="12.806" errors="0" timestamp="2024-07-12T12:49:09 IST" skipped="0">
  <testcase classname="com.idzlink.testCases.TC_MainCategoryNew_T008" name="addnewmaincategory" time="12.806"/>
  <system-out/>
</testsuite> <!-- com.idzlink.testCases.TC_MainCategoryNew_T008 -->
