<?xml version="1.0" encoding="UTF-8"?>
<!-- Generated by org.testng.reporters.JUnitReportReporter -->
<testsuite hostname="DESKTOP-95B0UOS" failures="0" tests="1" name="com.idzlink.testCases.TC_ItemCategoryNew_T009" time="16.718" errors="0" timestamp="2024-07-12T12:56:21 IST" skipped="0">
  <testcase classname="com.idzlink.testCases.TC_ItemCategoryNew_T009" name="addnewmaincategory" time="16.718"/>
  <system-out/>
</testsuite> <!-- com.idzlink.testCases.TC_ItemCategoryNew_T009 -->
