<?xml version="1.0" encoding="UTF-8"?>
<!-- Generated by org.testng.reporters.JUnitReportReporter -->
<testsuite hostname="DESKTOP-95B0UOS" failures="0" tests="1" name="com.idzlink.testCases.TC_SupplierNew_T005" time="15.285" errors="0" timestamp="2024-07-12T12:24:28 IST" skipped="0">
  <testcase classname="com.idzlink.testCases.TC_SupplierNew_T005" name="addnewsupplier" time="15.285"/>
  <system-out/>
</testsuite> <!-- com.idzlink.testCases.TC_SupplierNew_T005 -->
