<?xml version="1.0" encoding="UTF-8"?>
<!-- Generated by org.testng.reporters.JUnitReportReporter -->
<testsuite hostname="DESKTOP-95B0UOS" failures="0" tests="1" name="com.idzlink.testCases.TC_UnitNew_T010" time="16.393" errors="0" timestamp="2024-07-12T14:22:10 IST" skipped="0">
  <testcase classname="com.idzlink.testCases.TC_UnitNew_T010" name="addnewunit" time="16.393"/>
  <system-out/>
</testsuite> <!-- com.idzlink.testCases.TC_UnitNew_T010 -->
