<?xml version="1.0" encoding="UTF-8"?>
<!-- Generated by org.testng.reporters.JUnitReportReporter -->
<testsuite hostname="DESKTOP-95B0UOS" failures="0" tests="1" name="com.idzlink.testCases.TC_CustomerNew_T003" time="17.166" errors="0" timestamp="2024-07-13T11:52:06 IST" skipped="0">
  <testcase classname="com.idzlink.testCases.TC_CustomerNew_T003" name="addnewcustomer" time="17.166"/>
  <system-out/>
</testsuite> <!-- com.idzlink.testCases.TC_CustomerNew_T003 -->
