<?xml version="1.0" encoding="UTF-8"?>
<!-- Generated by org.testng.reporters.JUnitReportReporter -->
<testsuite hostname="DESKTOP-0TEPTJ6" failures="0" tests="1" name="com.idzlink.testCases.TC_MainCategoryNew_T008" time="18.849" errors="0" timestamp="2024-08-13T16:54:22 IST" skipped="0">
  <testcase classname="com.idzlink.testCases.TC_MainCategoryNew_T008" name="addnewmaincategory" time="18.849"/>
  <system-out/>
</testsuite> <!-- com.idzlink.testCases.TC_MainCategoryNew_T008 -->
