<?xml version="1.0" encoding="UTF-8"?>
<!-- Generated by org.testng.reporters.JUnitReportReporter -->
<testsuite hostname="DESKTOP-0TEPTJ6" failures="0" tests="1" name="com.idzlink.testCases.POS.TC_pointofsalesitemcodesearch" time="47.888" errors="0" timestamp="2024-10-15T13:15:38 IST" skipped="0">
  <testcase classname="com.idzlink.testCases.POS.TC_pointofsalesitemcodesearch" name="pointofsalesitemcodesearch" time="47.888"/>
  <system-out/>
</testsuite> <!-- com.idzlink.testCases.POS.TC_pointofsalesitemcodesearch -->
