<?xml version="1.0" encoding="UTF-8"?>
<!-- Generated by org.testng.reporters.JUnitReportReporter -->
<testsuite hostname="DESKTOP-0TEPTJ6" failures="0" tests="1" name="com.idzlink.testCases.POS.TC_pointofsalediscount" time="57.151" errors="0" timestamp="2024-10-15T14:57:16 IST" skipped="0">
  <testcase classname="com.idzlink.testCases.POS.TC_pointofsalediscount" name="pointofsalediscount" time="57.151"/>
  <system-out/>
</testsuite> <!-- com.idzlink.testCases.POS.TC_pointofsalediscount -->
