<?xml version="1.0" encoding="UTF-8"?>
<!-- Generated by org.testng.reporters.JUnitReportReporter -->
<testsuite hostname="DESKTOP-SB59V59" failures="0" tests="1" name="com.idzlink.testCases.POS.TC_sellingpriceabovemrpalert_pos" time="32.720" errors="0" timestamp="2024-10-26T12:22:46 IST" skipped="0">
  <testcase classname="com.idzlink.testCases.POS.TC_sellingpriceabovemrpalert_pos" name="sellingpriceabovemrpalert_pos" time="32.720"/>
  <system-out/>
</testsuite> <!-- com.idzlink.testCases.POS.TC_sellingpriceabovemrpalert_pos -->
