<?xml version="1.0" encoding="UTF-8"?>
<!-- Generated by org.testng.reporters.JUnitReportReporter -->
<testsuite hostname="DESKTOP-SB59V59" failures="0" tests="1" name="com.idzlink.testCases.POS.TC_shortcut_creditcustomer_pos" time="47.411" errors="0" timestamp="2024-10-16T11:08:17 IST" skipped="0">
  <testcase classname="com.idzlink.testCases.POS.TC_shortcut_creditcustomer_pos" name="shortcut_creditcustomer_pos" time="47.411"/>
  <system-out/>
</testsuite> <!-- com.idzlink.testCases.POS.TC_shortcut_creditcustomer_pos -->
