<?xml version="1.0" encoding="UTF-8"?>
<!-- Generated by org.testng.reporters.JUnitReportReporter -->
<testsuite hostname="DESKTOP-SB59V59" failures="0" tests="1" name="com.idzlink.testCases.POS.TC_shortcut_creditcustomer_pos" time="46.097" errors="0" timestamp="2024-10-28T14:55:06 IST" skipped="0">
  <testcase classname="com.idzlink.testCases.POS.TC_shortcut_creditcustomer_pos" name="shortcut_creditcustomer_pos" time="46.097"/>
  <system-out/>
</testsuite> <!-- com.idzlink.testCases.POS.TC_shortcut_creditcustomer_pos -->
