<?xml version="1.0" encoding="UTF-8"?>
<!-- Generated by org.testng.reporters.JUnitReportReporter -->
<testsuite hostname="DESKTOP-95B0UOS" failures="0" tests="1" name="com.banking.testCases.TC_EditCustomer_T004" time="48.544" errors="0" timestamp="2023-10-08T13:21:15 IST" skipped="0">
  <testcase classname="com.banking.testCases.TC_EditCustomer_T004" name="editcustomer" time="48.544"/>
  <system-out/>
</testsuite> <!-- com.banking.testCases.TC_EditCustomer_T004 -->
