<?xml version="1.0" encoding="UTF-8"?>
<!-- Generated by org.testng.reporters.JUnitReportReporter -->
<testsuite hostname="DESKTOP-0TEPTJ6" failures="0" tests="1" name="com.idzlink.testCases.TC_ItemCategoryNew_T009" time="18.999" errors="0" timestamp="2024-08-13T16:47:48 IST" skipped="0">
  <testcase classname="com.idzlink.testCases.TC_ItemCategoryNew_T009" name="addnewitemvategory" time="18.999"/>
  <system-out/>
</testsuite> <!-- com.idzlink.testCases.TC_ItemCategoryNew_T009 -->
