<?xml version="1.0" encoding="UTF-8"?>
<!-- Generated by org.testng.reporters.JUnitReportReporter -->
<testsuite hostname="DESKTOP-SB59V59" failures="0" tests="1" name="com.idzlink.testCases.salesquatation.TC_salesquatitiondelete" time="44.081" errors="0" timestamp="2024-10-14T13:06:08 IST" skipped="0">
  <testcase classname="com.idzlink.testCases.salesquatation.TC_salesquatitiondelete" name="salesquatitiondelete" time="44.081"/>
  <system-out/>
</testsuite> <!-- com.idzlink.testCases.salesquatation.TC_salesquatitiondelete -->
