<?xml version="1.0" encoding="UTF-8"?>
<!-- Generated by org.testng.reporters.JUnitReportReporter -->
<testsuite hostname="DESKTOP-SB59V59" failures="0" tests="1" name="com.idzlink.testCases.salesquatation.TC_SalesQuotation_AboveMrpPrice" time="34.841" errors="0" timestamp="2024-10-26T13:40:53 IST" skipped="0">
  <testcase classname="com.idzlink.testCases.salesquatation.TC_SalesQuotation_AboveMrpPrice" name="SalesQuotation_AboveMrpPrice" time="34.841"/>
  <system-out/>
</testsuite> <!-- com.idzlink.testCases.salesquatation.TC_SalesQuotation_AboveMrpPrice -->
