<?xml version="1.0" encoding="UTF-8"?>
<!-- Generated by org.testng.reporters.JUnitReportReporter -->
<testsuite hostname="DESKTOP-95B0UOS" failures="0" tests="1" name="com.banking.testCases.TC_EditSupplier_T006" time="52.939" errors="0" timestamp="2023-10-11T19:43:55 IST" skipped="0">
  <testcase classname="com.banking.testCases.TC_EditSupplier_T006" name="addnewsupplier" time="52.939"/>
  <system-out/>
</testsuite> <!-- com.banking.testCases.TC_EditSupplier_T006 -->
