<?xml version="1.0" encoding="UTF-8"?>
<!-- Generated by org.testng.reporters.JUnitReportReporter -->
<testsuite hostname="DESKTOP-SB59V59" failures="0" tests="1" name="com.idzlink.testCases.POS.TC_PointofSales_T001" time="43.042" errors="0" timestamp="2024-11-02T14:14:36 IST" skipped="0">
  <testcase classname="com.idzlink.testCases.POS.TC_PointofSales_T001" name="posnewmode" time="43.042"/>
  <system-out/>
</testsuite> <!-- com.idzlink.testCases.POS.TC_PointofSales_T001 -->
