<?xml version="1.0" encoding="UTF-8"?>
<!-- Generated by org.testng.reporters.JUnitReportReporter -->
<testsuite hostname="DESKTOP-95B0UOS" failures="0" tests="1" name="com.idzlink.testCases.TC_SupplierEdit_T006" time="16.826" errors="0" timestamp="2024-07-12T12:37:58 IST" skipped="0">
  <testcase classname="com.idzlink.testCases.TC_SupplierEdit_T006" name="addnewsupplier" time="16.826"/>
  <system-out/>
</testsuite> <!-- com.idzlink.testCases.TC_SupplierEdit_T006 -->
