<?xml version="1.0" encoding="UTF-8"?>
<!-- Generated by org.testng.reporters.JUnitReportReporter -->
<testsuite hostname="DESKTOP-95B0UOS" failures="0" tests="1" name="com.idzlink.testCases.TC_ItemmasternSave" time="24.440" errors="0" timestamp="2024-07-14T12:08:35 IST" skipped="0">
  <testcase classname="com.idzlink.testCases.TC_ItemmasternSave" name="addnewitem" time="24.440"/>
  <system-out/>
</testsuite> <!-- com.idzlink.testCases.TC_ItemmasternSave -->
