<?xml version="1.0" encoding="UTF-8"?>
<!-- Generated by org.testng.reporters.JUnitReportReporter -->
<testsuite hostname="DESKTOP-0TEPTJ6" failures="0" tests="1" name="com.idzlink.testCases.POS.TC_PointofSalesEdit" time="48.176" errors="0" timestamp="2024-08-13T12:13:25 IST" skipped="0">
  <testcase classname="com.idzlink.testCases.POS.TC_PointofSalesEdit" name="poseditmode" time="48.176"/>
  <system-out/>
</testsuite> <!-- com.idzlink.testCases.POS.TC_PointofSalesEdit -->
