<?xml version="1.0" encoding="UTF-8"?>
<!-- Generated by org.testng.reporters.JUnitReportReporter -->
<testsuite hostname="DESKTOP-SB59V59" failures="0" tests="1" name="com.idzlink.testCases.POS.TC_PointofSales_UnitPriceandTaxCalculation" time="47.743" errors="0" timestamp="2024-10-28T14:55:06 IST" skipped="0">
  <testcase classname="com.idzlink.testCases.POS.TC_PointofSales_UnitPriceandTaxCalculation" name="posUnitPriceandTaxCalculation" time="47.743"/>
  <system-out/>
</testsuite> <!-- com.idzlink.testCases.POS.TC_PointofSales_UnitPriceandTaxCalculation -->
