<?xml version="1.0" encoding="UTF-8"?>
<!-- Generated by org.testng.reporters.JUnitReportReporter -->
<testsuite hostname="DESKTOP-SB59V59" failures="0" tests="1" name="com.idzlink.testCases.POS.TC_pointofsalesitemcodesearch" time="48.157" errors="0" timestamp="2024-10-28T15:20:13 IST" skipped="0">
  <testcase classname="com.idzlink.testCases.POS.TC_pointofsalesitemcodesearch" name="pointofsalesitemcodesearch" time="48.157"/>
  <system-out/>
</testsuite> <!-- com.idzlink.testCases.POS.TC_pointofsalesitemcodesearch -->
