<?xml version="1.0" encoding="UTF-8"?>
<!-- Generated by org.testng.reporters.JUnitReportReporter -->
<testsuite hostname="DESKTOP-0TEPTJ6" failures="0" tests="1" name="com.idzlink.testCases.POS.TC_pointofsalesbarcodesearch" time="49.215" errors="0" timestamp="2024-10-15T13:03:04 IST" skipped="0">
  <testcase classname="com.idzlink.testCases.POS.TC_pointofsalesbarcodesearch" name="pointofsalesbarcodesearch" time="49.215"/>
  <system-out/>
</testsuite> <!-- com.idzlink.testCases.POS.TC_pointofsalesbarcodesearch -->
